tv-launcher/app/build/outputs/mapping/release/seeds.txt
com.hotelvision.launcher.HotelApp_GeneratedInjector
com.hotelvision.launcher.data.db.entities.RoomInfoEntity
com.hotelvision.launcher.data.db.dao.LauncherDao
com.hotelvision.launcher.data.api.MenuCategory$$serializer
com.hotelvision.launcher.data.api.QuickSettingsConfig$$serializer
com.hotelvision.launcher.data.db.dao.LauncherDao_Impl$4
com.hotelvision.launcher.data.api.LocalGuideConfig$$serializer
com.hotelvision.launcher.data.api.MenuItemResponse$$serializer
com.hotelvision.launcher.MainActivity_GeneratedInjector
com.hotelvision.launcher.data.db.dao.LauncherDao_Impl$1
com.hotelvision.launcher.data.api.LocalGuideSection$$serializer
com.hotelvision.launcher.data.db.dao.LauncherDao_Impl$5
com.hotelvision.launcher.data.db.dao.LauncherDao_Impl
com.hotelvision.launcher.data.api.LocalGuideItem
com.hotelvision.launcher.data.api.LocalGuideSection$Companion
com.hotelvision.launcher.workers.SyncWorker
com.hotelvision.launcher.data.db.LauncherDatabase
com.hotelvision.launcher.data.api.MenuConfig$Companion
com.hotelvision.launcher.data.session.SessionResetWorker
com.hotelvision.launcher.data.db.dao.LauncherDao_Impl$14
com.hotelvision.launcher.data.api.AdminPanelConfigResponse
com.hotelvision.launcher.data.api.LauncherApiService
com.hotelvision.launcher.HotelApp
com.hotelvision.launcher.data.db.dao.LauncherDao_Impl$7
com.hotelvision.launcher.data.api.RoomInfoResponse$Companion
com.hotelvision.launcher.data.api.LocalGuideConfig$Companion
com.hotelvision.launcher.data.api.QuickSettingsConfig$Companion
com.hotelvision.launcher.data.db.dao.LauncherDao_Impl$11
com.hotelvision.launcher.data.api.MenuCategory
com.hotelvision.launcher.data.api.HotelInfo
com.hotelvision.launcher.data.api.HotelInfo$$serializer
com.hotelvision.launcher.data.api.LocalGuideItem$$serializer
com.hotelvision.launcher.data.api.AdminPanelConfigResponse$Companion
com.hotelvision.launcher.data.db.MigrationsKt
com.hotelvision.launcher.data.api.ScreensaverConfig
com.hotelvision.launcher.data.api.MenuItemResponse
com.hotelvision.launcher.data.api.MenuItemResponse$Companion
com.hotelvision.launcher.data.db.dao.LauncherDao_Impl$13
com.hotelvision.launcher.data.db.entities.LauncherRowEntity
com.hotelvision.launcher.data.db.dao.LauncherDao_Impl$2
com.hotelvision.launcher.data.api.MenuConfig
com.hotelvision.launcher.data.api.ScreensaverConfig$$serializer
com.hotelvision.launcher.data.db.dao.LauncherDao_Impl$6
com.hotelvision.launcher.data.db.dao.LauncherDao_Impl$16
com.hotelvision.launcher.data.db.LauncherDatabase_Impl$1
com.hotelvision.launcher.data.db.LauncherDatabase_Impl
com.hotelvision.launcher.ScreensaverActivity
com.hotelvision.launcher.data.db.entities.AppConfigEntity
com.hotelvision.launcher.data.api.LocalGuideConfig
com.hotelvision.launcher.data.db.dao.LauncherDao_Impl$12
com.hotelvision.launcher.data.db.dao.LauncherDao_Impl$3
com.hotelvision.launcher.data.db.dao.LauncherDao_Impl$10
com.hotelvision.launcher.data.api.MenuCategory$Companion
com.hotelvision.launcher.data.api.HotelInfo$Companion
com.hotelvision.launcher.data.api.RoomInfoResponse
com.hotelvision.launcher.data.api.LocalGuideItem$Companion
com.hotelvision.launcher.data.api.LocalGuideSection
com.hotelvision.launcher.data.db.dao.LauncherDao_Impl$15
com.hotelvision.launcher.data.db.MigrationsKt$MIGRATION_1_2$1
com.hotelvision.launcher.data.db.entities.ServiceEntity
com.hotelvision.launcher.data.db.entities.SyncMetaEntity
com.hotelvision.launcher.data.api.RoomInfoResponse$$serializer
com.hotelvision.launcher.data.db.dao.LauncherDao_Impl$8
com.hotelvision.launcher.data.api.ScreensaverConfig$Companion
com.hotelvision.launcher.data.api.MenuConfig$$serializer
com.hotelvision.launcher.setup.DefaultLauncherBootReceiver
com.hotelvision.launcher.data.db.dao.LauncherDao_Impl$9
com.hotelvision.launcher.data.api.Recommendation
com.hotelvision.launcher.MainActivity
com.hotelvision.launcher.data.db.entities.MenuItemEntity
com.hotelvision.launcher.data.api.QuickSettingsConfig
...
coil3.request.ImageRequest$Builder$listener$3
androidx.compose.ui.input.rotary.RotaryInputElement
androidx.core.app.RemoteActionCompat
coil3.network.CacheNetworkResponse
androidx.compose.foundation.lazy.layout.LazyLayoutItemAnimator$DisplayingDisappearingItemsElement
coil3.size.SizeResolver$Companion
coil3.network.NetworkHeaders$Companion
coil3.compose.ComposableSingletons$SubcomposeAsyncImageKt
javax.inject.Singleton
androidx.work.impl.background.systemalarm.ConstraintProxyUpdateReceiver
coil3.fetch.FetchResult
androidx.work.impl.workers.CombineContinuationsWorker
dagger.hilt.android.flags.FragmentGetContextFix$FragmentGetContextFixModule
coil3.decode.StaticImageDecoder$decode$lambda$2$lambda$1$$inlined$decodeBitmap$1
androidx.appcompat.widget.ActionMenuView
androidx.compose.ui.focus.FocusRequesterElement
coil3.decode.AssetMetadata
coil3.decode.BlackholeDecoder$Factory$Companion
coil3.network.ConnectivityCheckerApi21
dagger.hilt.android.internal.lifecycle.HiltWrapper_DefaultViewModelFactories_ActivityModule
coil3.request.Options
coil3.request.ErrorResult
coil3.compose.AsyncImagePainter$State$Success
coil3.util.MimeTypes_androidKt
coil3.network.NetworkResponse
kotlinx.coroutines.internal.StackTraceRecoveryKt
coil3.fetch.ImageFetchResult
androidx.appcompat.widget.ViewStubCompat
dagger.hilt.android.internal.lifecycle.HiltViewModelFactory
androidx.compose.ui.input.key.KeyInputElement
androidx.work.impl.background.systemalarm.SystemAlarmService
coil3.decode.BlackholeDecoder
coil3.compose.SingletonImageLoadersKt
coil3.compose.AsyncImagePainter_androidKt$fakeTransitionTarget$1
coil3.request.ImageRequest$Builder$listener$4
coil3.request.OneShotDisposable
androidx.compose.foundation.ClickableElement
coil3.compose.SubcomposeAsyncImageKt
coil3.RealImageLoaderKt$addServiceLoaderComponents$lambda$6$$inlined$sortedByDescending$1
dagger.hilt.processor.internal.generatesrootinput.codegen.dagger_hilt_migration_AliasOf
coil3.compose.ConstraintsSizeResolver$size$1
androidx.compose.foundation.HoverableElement
coil3.decode.Decoder
dagger.hilt.android.internal.lifecycle.HiltWrapper_HiltViewModelFactory_ViewModelModule
coil3.size.SizeResolver
androidx.compose.ui.input.pointer.SuspendPointerInputElement
dagger.hilt.android.UnstableApi
coil3.compose.DrawScopeSizeResolverKt
androidx.compose.ui.draw.ShadowGraphicsLayerElement
dagger.hilt.processor.internal.generatesrootinput.codegen.dagger_hilt_DefineComponent
androidx.appcompat.widget.ActivityChooserView$InnerLayout
coil3.intercept.Interceptor
coil3.memory.RealMemoryCache
androidx.work.WorkerParameters
coil3.request.ImageRequest$Builder
coil3.size.ViewSizeResolver$size$3$preDrawListener$1
coil3.intercept.EngineInterceptor
coil3.intercept.EngineInterceptor$execute$1
coil3.ImageLoadersKt
dagger.hilt.migration.DisableInstallInCheck
androidx.work.impl.utils.ForceStopRunnable$BroadcastReceiver
androidx.lifecycle.ReportFragment
androidx.room.RoomDatabase: int MAX_BIND_PARAMETER_CNT
coil3.network.NetworkFetcher$fetch$fetchResult$1: java.lang.Object L$1
coil3.compose.AsyncImagePreviewHandler: coil3.compose.AsyncImagePreviewHandler$Companion Companion
androidx.concurrent.futures.AbstractResolvableFuture: androidx.concurrent.futures.AbstractResolvableFuture$Waiter waiters
coil3.request.ViewTargetRequestDelegate: kotlinx.coroutines.Job job
coil3.compose.ConstraintsSizeResolver: int $stable
coil3.request.ImageRequest$Builder: java.lang.String diskCacheKey
coil3.size.ScaleDrawable: float childScale
coil3.request.ImageRequest$Builder$listener$1: coil3.request.ImageRequest$Builder$listener$1 INSTANCE
coil3.RealImageLoader$Options: coil3.request.ImageRequest$Defaults defaults
coil3.ImageLoaders_androidKt: coil3.Extras$Key bitmapFactoryMaxParallelismKey
androidx.lifecycle.Lifecycle$Event: androidx.lifecycle.Lifecycle$Event ON_PAUSE
coil3.RealImageLoader$execute$result$1: coil3.EventListener $eventListener
coil3.intercept.RealInterceptorChain$proceed$1: int label