tv-launcher/app/build/outputs/mapping/release/usage.txt
com.hotelvision.launcher.DaggerHotelApp_HiltComponents_SingletonC$ActivityCImpl$LazyClassKeyProvider:
    com.hotelvision.launcher.ui.LauncherViewModel com_hotelvision_launcher_ui_LauncherViewModel2
    private void <init>()
com.hotelvision.launcher.DaggerHotelApp_HiltComponents_SingletonC$ViewModelCImpl$LazyClassKeyProvider:
    com.hotelvision.launcher.ui.LauncherViewModel com_hotelvision_launcher_ui_LauncherViewModel2
    private void <init>()
com.hotelvision.launcher.DaggerHotelApp_HiltComponents_SingletonC:
    private void <init>()
com.hotelvision.launcher.Hilt_MainActivity:
    void <init>(int)
com.hotelvision.launcher.HotelApp:
    public final void setWorkerFactory(androidx.hilt.work.HiltWorkerFactory)
com.hotelvision.launcher.HotelApp_ComponentTreeDeps
com.hotelvision.launcher.HotelApp_HiltComponents$ActivityC$Builder
com.hotelvision.launcher.HotelApp_HiltComponents$ActivityCBuilderModule
com.hotelvision.launcher.HotelApp_HiltComponents$ActivityRetainedC$Builder
com.hotelvision.launcher.HotelApp_HiltComponents$ActivityRetainedCBuilderModule
com.hotelvision.launcher.HotelApp_HiltComponents$FragmentC$Builder
com.hotelvision.launcher.HotelApp_HiltComponents$FragmentCBuilderModule
com.hotelvision.launcher.HotelApp_HiltComponents$ServiceC$Builder
com.hotelvision.launcher.HotelApp_HiltComponents$ServiceCBuilderModule
com.hotelvision.launcher.HotelApp_HiltComponents$ViewC$Builder
com.hotelvision.launcher.HotelApp_HiltComponents$ViewCBuilderModule
com.hotelvision.launcher.HotelApp_HiltComponents$ViewModelC$Builder
com.hotelvision.launcher.HotelApp_HiltComponents$ViewModelCBuilderModule
com.hotelvision.launcher.HotelApp_HiltComponents$ViewWithFragmentC$Builder
com.hotelvision.launcher.HotelApp_HiltComponents$ViewWithFragmentCBuilderModule
com.hotelvision.launcher.HotelApp_HiltComponents
com.hotelvision.launcher.HotelApp_MembersInjector:
    private final javax.inject.Provider workerFactoryProvider
    public void <init>(javax.inject.Provider)
    public static dagger.MembersInjector create(javax.inject.Provider)
    public void injectMembers(com.hotelvision.launcher.HotelApp)
    public synthetic bridge void injectMembers(java.lang.Object)
com.hotelvision.launcher.R$array
com.hotelvision.launcher.R$color:
    public static int gtv_quick_settings_panel_icon_container
    public static int gtv_quick_settings_panel_icon_container_focused
    public static int gtv_quick_settings_panel_item_primary_background
    public static int gtv_quick_settings_tile_background
    public static int gtv_quick_settings_tile_focused
    public static int gtv_quick_settings_tile_focused_text
    private void <init>()
com.hotelvision.launcher.R$dimen:
    public static int gtv_dashboard_general_tile_height
    public static int gtv_dashboard_half_tile_width
    public static int gtv_dashboard_icon_size_small
    public static int gtv_dashboard_tile_corner_radius_large
    public static int gtv_dashboard_tile_corner_radius_small
    public static int gtv_dashboard_title_margin_top
    private void <init>()
com.hotelvision.launcher.R$drawable
com.hotelvision.launcher.R$font:
    public static int outfit_variable
    private void <init>()
com.hotelvision.launcher.R$integer:
    private void <init>()
com.hotelvision.launcher.R$string
com.hotelvision.launcher.R$style
com.hotelvision.launcher.R
com.hotelvision.launcher.ScreensaverActivity:
    public static final int $stable
    public static final java.lang.String EXTRA_IMAGES
com.hotelvision.launcher.ScreensaverActivityKt:
    private static final long CROSSFADE_MS
    private static final long IMAGE_HOLD_MS
    private static final int KEN_BURNS_DURATION_MS
    private static final void ScreensaverScreen$lambda$17(androidx.compose.runtime.MutableState,boolean)
com.hotelvision.launcher.core.BuildConfig
com.hotelvision.launcher.core.R
com.hotelvision.launcher.data.device.AndroidAppsProvider$getInstalledApps$2
...
androidx.compose.foundation.BasicTooltipState
androidx.compose.foundation.BasicTooltipStateImpl$show$2$1
androidx.compose.foundation.BasicTooltipStateImpl$show$2
androidx.compose.foundation.BasicTooltipStateImpl$show$cancellableShow$1
androidx.compose.foundation.BasicTooltipStateImpl
androidx.compose.foundation.BasicTooltip_androidKt$BasicTooltipBox$2$1$invoke$$inlined$onDispose$1
androidx.compose.foundation.BasicTooltip_androidKt$BasicTooltipBox$2$1
androidx.compose.foundation.BasicTooltip_androidKt$BasicTooltipBox$3
androidx.compose.foundation.BasicTooltip_androidKt$TooltipPopup$1$1$1
androidx.compose.foundation.BasicTooltip_androidKt$TooltipPopup$1$1
androidx.compose.foundation.BasicTooltip_androidKt$TooltipPopup$2$1$1
androidx.compose.foundation.BasicTooltip_androidKt$TooltipPopup$2
androidx.compose.foundation.BasicTooltip_androidKt$TooltipPopup$3
androidx.compose.foundation.BasicTooltip_androidKt$WrappedAnchor$2
androidx.compose.foundation.BasicTooltip_androidKt$anchorSemantics$1$1$1
androidx.compose.foundation.BasicTooltip_androidKt$anchorSemantics$1$1
androidx.compose.foundation.BasicTooltip_androidKt$anchorSemantics$1
androidx.compose.foundation.BasicTooltip_androidKt$handleGestures$1$1$1$1
androidx.compose.foundation.BasicTooltip_androidKt$handleGestures$1$1$1$2
androidx.compose.foundation.BasicTooltip_androidKt$handleGestures$1$1$1
androidx.compose.foundation.BasicTooltip_androidKt$handleGestures$1$1
androidx.compose.foundation.BasicTooltip_androidKt$handleGestures$1
androidx.compose.foundation.BasicTooltip_androidKt$handleGestures$2$1$1$1
androidx.compose.foundation.BasicTooltip_androidKt$handleGestures$2$1$1
androidx.compose.foundation.BasicTooltip_androidKt$handleGestures$2$1
androidx.compose.foundation.BasicTooltip_androidKt$handleGestures$2
androidx.compose.foundation.BasicTooltip_androidKt
androidx.compose.foundation.BorderCache:
    public void <init>()
    private final androidx.compose.ui.graphics.ImageBitmap component1()
    private final androidx.compose.ui.graphics.Canvas component2()
    private final androidx.compose.ui.graphics.drawscope.CanvasDrawScope component3()
    private final androidx.compose.ui.graphics.Path component4()
    public final androidx.compose.foundation.BorderCache copy(androidx.compose.ui.graphics.ImageBitmap,androidx.compose.ui.graphics.Canvas,androidx.compose.ui.graphics.drawscope.CanvasDrawScope,androidx.compose.ui.graphics.Path)
    public static synthetic androidx.compose.foundation.BorderCache copy$default(androidx.compose.foundation.BorderCache,androidx.compose.ui.graphics.ImageBitmap,androidx.compose.ui.graphics.Canvas,androidx.compose.ui.graphics.drawscope.CanvasDrawScope,androidx.compose.ui.graphics.Path,int,java.lang.Object)
    public final androidx.compose.ui.graphics.ImageBitmap drawBorderCache-EMwLDEs(androidx.compose.ui.draw.CacheDrawScope,long,int,kotlin.jvm.functions.Function1)
androidx.compose.foundation.BorderKt:
    public static final androidx.compose.ui.Modifier border(androidx.compose.ui.Modifier,androidx.compose.foundation.BorderStroke,androidx.compose.ui.graphics.Shape)
    public static synthetic androidx.compose.ui.Modifier border$default(androidx.compose.ui.Modifier,androidx.compose.foundation.BorderStroke,androidx.compose.ui.graphics.Shape,int,java.lang.Object)
    public static synthetic androidx.compose.ui.Modifier border-xT4_qwU$default(androidx.compose.ui.Modifier,float,long,androidx.compose.ui.graphics.Shape,int,java.lang.Object)